-------------------------------------------------------------------------------
Test set: com.medicalRepSchedule.demo.MedicalRepresentativeScheduleApplicationTests
-------------------------------------------------------------------------------
Tests run: 2, Failures: 0, Errors: 1, Skipped: 0, Time elapsed: 6.12 s <<< FAILURE! - in com.medicalRepSchedule.demo.MedicalRepresentativeScheduleApplicationTests
contextLoadtest  Time elapsed: 3.586 s  <<< ERROR!
org.springframework.context.ApplicationContextException: Failed to start bean 'webServerStartStop'; nested exception is org.springframework.boot.web.server.PortInUseException: Port 5000 is already in use
	at com.medicalRepSchedule.demo.MedicalRepresentativeScheduleApplicationTests.contextLoadtest(MedicalRepresentativeScheduleApplicationTests.java:20)
Caused by: org.springframework.boot.web.server.PortInUseException: Port 5000 is already in use
	at com.medicalRepSchedule.demo.MedicalRepresentativeScheduleApplicationTests.contextLoadtest(MedicalRepresentativeScheduleApplicationTests.java:20)
Caused by: java.lang.IllegalArgumentException: standardService.connector.startFailed
	at com.medicalRepSchedule.demo.MedicalRepresentativeScheduleApplicationTests.contextLoadtest(MedicalRepresentativeScheduleApplicationTests.java:20)
Caused by: org.apache.catalina.LifecycleException: Protocol handler start failed
	at com.medicalRepSchedule.demo.MedicalRepresentativeScheduleApplicationTests.contextLoadtest(MedicalRepresentativeScheduleApplicationTests.java:20)
Caused by: java.net.BindException: Address already in use
	at com.medicalRepSchedule.demo.MedicalRepresentativeScheduleApplicationTests.contextLoadtest(MedicalRepresentativeScheduleApplicationTests.java:20)

